<?xml version="1.0" encoding="UTF-8"?>
<!-- Generated by org.testng.reporters.JUnitReportReporter -->
<testsuite hostname="WINCTRL-I64J7BF" name="abhishek.learn.all.ngMvn.NewTest" tests="1" failures="0" timestamp="15 May 2016 12:19:33 GMT" time="0.001" errors="0">
  <testcase name="f" time="0.001" classname="abhishek.learn.all.ngMvn.NewTest"/>
</testsuite> <!-- abhishek.learn.all.ngMvn.NewTest -->
